\BOOKMARK [1][-]{figure.caption.1}{Preface}{}% 1
\BOOKMARK [1][-]{section*.2}{Summary and Conclusions}{}% 2
\BOOKMARK [0][-]{chapter.1}{Introduction}{}% 3
\BOOKMARK [1][-]{section.1.1}{Background}{chapter.1}% 4
\BOOKMARK [1][-]{section.1.2}{Objectives}{chapter.1}% 5
\BOOKMARK [1][-]{section.1.3}{Limitations}{chapter.1}% 6
\BOOKMARK [1][-]{section.1.4}{Approach}{chapter.1}% 7
\BOOKMARK [1][-]{section.1.5}{Structure of the Report}{chapter.1}% 8
\BOOKMARK [0][-]{chapter.2}{Theory}{}% 9
\BOOKMARK [1][-]{section.2.1}{Random Fields}{chapter.2}% 10
\BOOKMARK [2][-]{subsection.2.1.1}{SRM - Spectral Representation Method}{section.2.1}% 11
\BOOKMARK [1][-]{section.2.2}{Finite Element Method}{chapter.2}% 12
\BOOKMARK [0][-]{chapter.3}{RFEM implementation in Plaxis 2D using python API}{}% 13
\BOOKMARK [1][-]{section.3.1}{SRM implementation}{chapter.3}% 14
\BOOKMARK [1][-]{section.3.2}{Local averaging}{chapter.3}% 15
\BOOKMARK [1][-]{section.3.3}{Monte Carlo}{chapter.3}% 16
\BOOKMARK [1][-]{section.3.4}{Plaxis 2D}{chapter.3}% 17
\BOOKMARK [0][-]{chapter.4}{Results}{}% 18
\BOOKMARK [1][-]{section.4.1}{Slope Stability problem - Homogeneous isotropic soil - Zero variance}{chapter.4}% 19
\BOOKMARK [1][-]{section.4.2}{Slope stability problem - Homogeneous anisotropic soil - Scale of Fluctuation 20 and 10 meters, CoV=0.3 - Monte Carlo 250 realizations}{chapter.4}% 20
\BOOKMARK [1][-]{section.4.3}{Bearing Capacity Problem - Homogeneous isotropic soil - CoV=0.0 - Known analytical solution}{chapter.4}% 21
\BOOKMARK [1][-]{section.4.4}{Bearing Capacity Problem - Homogeneous anisotropic soil - Scale of Fluctuation 8 and 3 meters, CoV=0.1, Monte Carlo 250 realizations}{chapter.4}% 22
\BOOKMARK [0][-]{chapter.5}{Summary}{}% 23
\BOOKMARK [1][-]{section.5.1}{Summary and Conclusions}{chapter.5}% 24
\BOOKMARK [1][-]{section.5.2}{Discussion}{chapter.5}% 25
\BOOKMARK [1][-]{section.5.3}{Recommendations for Further Work}{chapter.5}% 26
\BOOKMARK [0][-]{appendix.A}{Acronyms}{}% 27
\BOOKMARK [0][-]{appendix.B}{Source code}{}% 28
\BOOKMARK [1][-]{section.B.1}{Introduction}{appendix.B}% 29
\BOOKMARK [2][-]{subsection.B.1.1}{Starting Python scripting interface - Jupyer notebook}{section.B.1}% 30
\BOOKMARK [0][-]{figure.caption.23}{Bibliography}{}% 31
